EJ-resolved rate constant (10^11 cm^3/sec):

TOTAL:
 T, K         0         1
   10     29.94     29.68
   20     38.65     38.43
 30.5        44     43.41
41.53     44.99     43.73
 53.1     43.05     41.17
65.26     39.79     37.51
78.02     36.25     33.77
91.42     32.91     30.36
105.5     29.96     27.39
120.3     27.41     24.85
135.8     25.23     22.69
152.1     23.36     20.84
169.2     21.75     19.26
187.1     20.35     17.89
  206     19.13     16.71
225.8     18.07     15.68
246.6     17.13     14.79
268.4     16.32     14.02
291.3      15.6     13.35
315.4     14.98     12.77
340.7     14.44     12.27
367.2     13.97     11.84
395.1     13.57     11.47
424.3     13.23     11.14
  455     12.94     10.86
487.3     12.69     10.61
521.1     12.48     10.39
556.7     12.31     10.18
  594     12.16     9.994
633.2     12.03     9.813
674.4     11.92     9.636
717.6     11.81      9.46
  763     11.71     9.284
810.6     11.62     9.104
860.7     11.52      8.92
913.2     11.43     8.731
968.4     11.33     8.537
 1026     11.23     8.338
 1087     11.12     8.135
 1151     11.01     7.928
 1218     10.89     7.719
 1288     10.77     7.508
 1362     10.65     7.298
 1440     10.52     7.089
 1521     10.39     6.882
 1607     10.26     6.679
 1697     10.12     6.482
 1791     9.987     6.291
 1890     9.852     6.108
 1994     9.717     5.933
 2103     9.584     5.767


Microcannonical rate constant (10^11 cm^3/sec):

TOTAL:
 T, K         0         1
   10     46.98     29.67
   20     53.04     38.82
 30.5     56.15     44.79
41.53     58.12      45.6
 53.1     60.08     42.94
65.26     62.17     38.97
78.02     64.16      34.9
91.42     65.77     31.23
105.5      66.8      28.1
120.3     67.19     25.45
135.8     66.94     23.22
152.1     66.15     21.33
169.2     64.93      19.7
187.1      63.4      18.3
  206     61.65     17.09
225.8     59.79     16.03
246.6     57.89      15.1
268.4     55.99      14.3
291.3     54.13      13.6
315.4     52.33     12.99
340.7     50.62     12.46
367.2     48.99     12.01
395.1     47.45     11.62
424.3        46     11.28
  455     44.63     10.99
487.3     43.35     10.73
521.1     42.14     10.51
556.7     41.01      10.3
  594     39.95     10.11
633.2     38.95     9.932
674.4     38.02     9.759
717.6     37.14     9.587
  763     36.31     9.415
810.6     35.52      9.24
860.7     34.78      9.06
913.2     34.08     8.873
968.4     33.41     8.681
 1026     32.77     8.483
 1087     32.15     8.278
 1151     31.55     8.069
 1218     30.96     7.857
 1288     30.39     7.641
 1362     29.83     7.425
 1440     29.28      7.21
 1521     28.74     6.996
 1607     28.21     6.786
 1697     27.69     6.581
 1791     27.18     6.382
 1890     26.68     6.191
 1994      26.2     6.008
 2103     25.73     5.835


Cannonical rate constant (10^11 cm^3/sec):

TOTAL:
 T, K                 0                 1
   10     29.96(4.6| 6)      29.7(4.6| 6)
   20     39.17(2.3| 6)        39(2.3| 6)
 30.5     47.62(1.5| 6)     47.49(1.5| 6)
41.53     55.26(1.1| 6)     55.14(1.1| 6)
 53.1     62.33(< 1| 6)     62.22(< 1| 6)
65.26     68.99(< 1| 6)      68.9(< 1| 6)
78.02     75.37(< 1| 6)     75.29(< 1| 6)
91.42     67.73( 15| 9)        60( 16| 9)
105.5     49.27( 14| 9)     43.84( 15| 9)
120.3     38.93( 13| 9)      34.8( 14| 9)
135.8     32.61( 13| 9)     29.28( 13| 9)
152.1      28.5( 12| 9)     25.71( 13| 9)
169.2     25.71( 12| 9)      23.3( 12| 9)
187.1     23.77( 11| 9)     21.63( 12| 9)
  206      22.4( 11| 9)     20.47( 11| 9)
225.8     21.42( 11| 9)     19.65( 11| 9)
246.6     20.73( 10| 9)     19.09( 11| 9)
268.4     20.26( 10| 9)     18.69( 13|10)
291.3     19.97(9.9| 9)     17.86( 13|10)
315.4      19.8(9.8| 9)     17.27( 12|10)
340.7     19.29( 11|10)     15.83( 20|11)
367.2     17.93( 18|11)     14.54( 19|11)
395.1     16.59( 18|11)     13.56( 19|11)
424.3     15.56( 17|11)      12.8( 18|11)
  455     14.77( 17|11)     12.23( 18|11)
487.3     14.16( 16|11)      11.8( 17|11)
521.1      13.7( 16|11)     11.48( 17|11)
556.7     13.36( 15|11)     11.26( 16|11)
  594     13.12( 15|11)     11.12( 16|11)
633.2     12.97( 15|11)     11.04( 15|11)
674.4     12.89( 14|11)     11.03( 15|11)
717.6     12.87( 14|11)     11.06( 15|11)
  763     12.91( 13|11)     11.15( 14|11)
810.6     12.99( 13|11)     11.27( 14|11)
860.7     13.13( 13|11)     11.44( 13|11)
913.2      13.3( 12|11)     11.64( 13|11)
968.4     13.52( 12|11)     11.88( 13|11)
 1026     13.77( 12|11)     12.15( 12|11)
 1087     14.06( 12|11)     11.73( 21|13)
 1151     14.38( 11|11)     11.14( 20|13)
 1218      14.7( 13|12)     10.66( 20|13)
 1288     14.57( 13|12)     10.26( 19|13)
 1362     13.95( 18|13)     9.938( 19|13)
 1440     13.41( 17|13)     9.677( 19|13)
 1521     12.97( 17|13)      9.47( 18|13)
 1607      12.6( 17|13)     9.312( 18|13)
 1697     12.31( 16|13)     9.196( 17|13)
 1791     12.09( 16|13)     9.118( 17|13)
 1890     11.91( 16|13)     9.074( 17|13)
 1994     11.79( 15|13)     8.617( 24|14)
 2103     11.71( 15|13)     8.229( 23|14)


